# JRE version: OpenJDK Runtime Environment Temurin-21.0.10+7 (21.0.10+7) (build 21.0.10+7-LTS)
# Java VM: OpenJDK 64-Bit Server VM Temurin-21.0.10+7 (21.0.10+7-LTS, mixed mode, sharing, tiered, compressed oops, compressed class ptrs, parallel gc, bsd-amd64)
GC Precious Log:
 CardTable entry size: 512
 CPUs: 6 total, 6 available
 Memory: 16384M
 Large Page Support: Disabled
 NUMA Support: Disabled
 Compressed Oops: Enabled (Zero based)
 Alignments: Space 512K, Generation 512K, Heap 2M
 Heap Min Capacity: 100M
 Heap Initial Capacity: 100M
 Heap Max Capacity: 2G
 Pre-touch: Disabled
 Parallel Workers: 6
Heap:
 PSYoungGen      total 12288K, used 1364K [0x00000007d5580000, 0x00000007d6500000, 0x0000000800000000)
  eden space 11776K, 7% used [0x00000007d5580000,0x00000007d56650d8,0x00000007d6100000)
  from space 512K, 87% used [0x00000007d6480000,0x00000007d64f0000,0x00000007d6500000)
  to   space 512K, 0% used [0x00000007d6400000,0x00000007d6400000,0x00000007d6480000)
 ParOldGen       total 135168K, used 135021K [0x0000000780000000, 0x0000000788400000, 0x00000007d5580000)
  object space 135168K, 99% used [0x0000000780000000,0x00000007883db788,0x0000000788400000)
 Metaspace       used 86191K, committed 87872K, reserved 1179648K
  class space    used 8304K, committed 9088K, reserved 1048576K
GC Heap History (20 events):
Event: 676.523 GC heap before
{Heap before GC invocations=181 (full 3):
 PSYoungGen      total 12288K, used 11428K [0x00000007d5580000, 0x00000007d6500000, 0x0000000800000000)
  eden space 11776K, 94% used [0x00000007d5580000,0x00000007d6061040,0x00000007d6100000)
  from space 512K, 56% used [0x00000007d6400000,0x00000007d6448000,0x00000007d6480000)
  to   space 512K, 0% used [0x00000007d6480000,0x00000007d6480000,0x00000007d6500000)
 ParOldGen       total 134144K, used 133896K [0x0000000780000000, 0x0000000788300000, 0x00000007d5580000)
  object space 134144K, 99% used [0x0000000780000000,0x00000007882c2248,0x0000000788300000)
 Metaspace       used 86169K, committed 87872K, reserved 1179648K
  class space    used 8304K, committed 9088K, reserved 1048576K
}
Event: 676.524 GC heap after
{Heap after GC invocations=181 (full 3):
 PSYoungGen      total 12288K, used 192K [0x00000007d5580000, 0x00000007d6500000, 0x0000000800000000)
  eden space 11776K, 0% used [0x00000007d5580000,0x00000007d5580000,0x00000007d6100000)
  from space 512K, 37% used [0x00000007d6480000,0x00000007d64b0000,0x00000007d6500000)
  to   space 512K, 0% used [0x00000007d6400000,0x00000007d6400000,0x00000007d6480000)
 ParOldGen       total 134144K, used 134069K [0x0000000780000000, 0x0000000788300000, 0x00000007d5580000)
  object space 134144K, 99% used [0x0000000780000000,0x00000007882ed6d8,0x0000000788300000)
 Metaspace       used 86169K, committed 87872K, reserved 1179648K
  class space    used 8304K, committed 9088K, reserved 1048576K
}
Event: 676.533 GC heap before
{Heap before GC invocations=182 (full 3):
 PSYoungGen      total 12288K, used 11236K [0x00000007d5580000, 0x00000007d6500000, 0x0000000800000000)
  eden space 11776K, 93% used [0x00000007d5580000,0x00000007d6049168,0x00000007d6100000)
  from space 512K, 37% used [0x00000007d6480000,0x00000007d64b0000,0x00000007d6500000)
  to   space 512K, 0% used [0x00000007d6400000,0x00000007d6400000,0x00000007d6480000)
 ParOldGen       total 134144K, used 134069K [0x0000000780000000, 0x0000000788300000, 0x00000007d5580000)
  object space 134144K, 99% used [0x0000000780000000,0x00000007882ed6d8,0x0000000788300000)
 Metaspace       used 86169K, committed 87872K, reserved 1179648K
  class space    used 8304K, committed 9088K, reserved 1048576K
}
Event: 676.534 GC heap after
{Heap after GC invocations=182 (full 3):
 PSYoungGen      total 12288K, used 160K [0x00000007d5580000, 0x00000007d6500000, 0x0000000800000000)
  eden space 11776K, 0% used [0x00000007d5580000,0x00000007d5580000,0x00000007d6100000)
  from space 512K, 31% used [0x00000007d6400000,0x00000007d6428000,0x00000007d6480000)
  to   space 512K, 0% used [0x00000007d6480000,0x00000007d6480000,0x00000007d6500000)
 ParOldGen       total 134144K, used 134125K [0x0000000780000000, 0x0000000788300000, 0x00000007d5580000)
  object space 134144K, 99% used [0x0000000780000000,0x00000007882fb6d8,0x0000000788300000)
 Metaspace       used 86169K, committed 87872K, reserved 1179648K
  class space    used 8304K, committed 9088K, reserved 1048576K
}
Event: 676.544 GC heap before
{Heap before GC invocations=183 (full 3):
 PSYoungGen      total 12288K, used 10296K [0x00000007d5580000, 0x00000007d6500000, 0x0000000800000000)
  eden space 11776K, 86% used [0x00000007d5580000,0x00000007d5f66068,0x00000007d6100000)
  from space 512K, 31% used [0x00000007d6400000,0x00000007d6428000,0x00000007d6480000)
  to   space 512K, 0% used [0x00000007d6480000,0x00000007d6480000,0x00000007d6500000)
 ParOldGen       total 134144K, used 134125K [0x0000000780000000, 0x0000000788300000, 0x00000007d5580000)
  object space 134144K, 99% used [0x0000000780000000,0x00000007882fb6d8,0x0000000788300000)
 Metaspace       used 86169K, committed 87872K, reserved 1179648K
  class space    used 8304K, committed 9088K, reserved 1048576K
}
Event: 676.545 GC heap after
{Heap after GC invocations=183 (full 3):
 PSYoungGen      total 12288K, used 512K [0x00000007d5580000, 0x00000007d6500000, 0x0000000800000000)
  eden space 11776K, 0% used [0x00000007d5580000,0x00000007d5580000,0x00000007d6100000)
  from space 512K, 100% used [0x00000007d6480000,0x00000007d6500000,0x00000007d6500000)
  to   space 1024K, 0% used [0x00000007d6300000,0x00000007d6300000,0x00000007d6400000)
 ParOldGen       total 134656K, used 134149K [0x0000000780000000, 0x0000000788380000, 0x00000007d5580000)
  object space 134656K, 99% used [0x0000000780000000,0x00000007883016d8,0x0000000788380000)
 Metaspace       used 86169K, committed 87872K, reserved 1179648K
  class space    used 8304K, committed 9088K, reserved 1048576K
}
Event: 676.557 GC heap before
{Heap before GC invocations=184 (full 3):
 PSYoungGen      total 12288K, used 12288K [0x00000007d5580000, 0x00000007d6500000, 0x0000000800000000)
  eden space 11776K, 100% used [0x00000007d5580000,0x00000007d6100000,0x00000007d6100000)
  from space 512K, 100% used [0x00000007d6480000,0x00000007d6500000,0x00000007d6500000)
  to   space 1024K, 0% used [0x00000007d6300000,0x00000007d6300000,0x00000007d6400000)
 ParOldGen       total 134656K, used 134149K [0x0000000780000000, 0x0000000788380000, 0x00000007d5580000)
  object space 134656K, 99% used [0x0000000780000000,0x00000007883016d8,0x0000000788380000)
 Metaspace       used 86170K, committed 87872K, reserved 1179648K
  class space    used 8304K, committed 9088K, reserved 1048576K
}
Event: 676.558 GC heap after
{Heap after GC invocations=184 (full 3):
 PSYoungGen      total 12800K, used 96K [0x00000007d5580000, 0x00000007d6500000, 0x0000000800000000)
  eden space 11776K, 0% used [0x00000007d5580000,0x00000007d5580000,0x00000007d6100000)
  from space 1024K, 9% used [0x00000007d6300000,0x00000007d6318000,0x00000007d6400000)
  to   space 512K, 0% used [0x00000007d6480000,0x00000007d6480000,0x00000007d6500000)
 ParOldGen       total 134656K, used 134514K [0x0000000780000000, 0x0000000788380000, 0x00000007d5580000)
  object space 134656K, 99% used [0x0000000780000000,0x000000078835c968,0x0000000788380000)
 Metaspace       used 86170K, committed 87872K, reserved 1179648K
  class space    used 8304K, committed 9088K, reserved 1048576K
}
Event: 676.567 GC heap before
{Heap before GC invocations=185 (full 3):
 PSYoungGen      total 12800K, used 10679K [0x00000007d5580000, 0x00000007d6500000, 0x0000000800000000)
  eden space 11776K, 89% used [0x00000007d5580000,0x00000007d5fd5ef8,0x00000007d6100000)
  from space 1024K, 9% used [0x00000007d6300000,0x00000007d6318000,0x00000007d6400000)
  to   space 512K, 0% used [0x00000007d6480000,0x00000007d6480000,0x00000007d6500000)
 ParOldGen       total 134656K, used 134514K [0x0000000780000000, 0x0000000788380000, 0x00000007d5580000)
  object space 134656K, 99% used [0x0000000780000000,0x000000078835c968,0x0000000788380000)
 Metaspace       used 86177K, committed 87872K, reserved 1179648K
  class space    used 8304K, committed 9088K, reserved 1048576K
}
Event: 676.568 GC heap after
{Heap after GC invocations=185 (full 3):
 PSYoungGen      total 12288K, used 496K [0x00000007d5580000, 0x00000007d6500000, 0x0000000800000000)
  eden space 11776K, 0% used [0x00000007d5580000,0x00000007d5580000,0x00000007d6100000)
  from space 512K, 96% used [0x00000007d6480000,0x00000007d64fc010,0x00000007d6500000)
  to   space 1024K, 0% used [0x00000007d6300000,0x00000007d6300000,0x00000007d6400000)
 ParOldGen       total 134656K, used 134551K [0x0000000780000000, 0x0000000788380000, 0x00000007d5580000)
  object space 134656K, 99% used [0x0000000780000000,0x0000000788365de8,0x0000000788380000)
 Metaspace       used 86177K, committed 87872K, reserved 1179648K
  class space    used 8304K, committed 9088K, reserved 1048576K
}
Event: 676.579 GC heap before
{Heap before GC invocations=186 (full 3):
 PSYoungGen      total 12288K, used 10828K [0x00000007d5580000, 0x00000007d6500000, 0x0000000800000000)
  eden space 11776K, 87% used [0x00000007d5580000,0x00000007d5f97260,0x00000007d6100000)
  from space 512K, 96% used [0x00000007d6480000,0x00000007d64fc010,0x00000007d6500000)
  to   space 1024K, 0% used [0x00000007d6300000,0x00000007d6300000,0x00000007d6400000)
 ParOldGen       total 134656K, used 134551K [0x0000000780000000, 0x0000000788380000, 0x00000007d5580000)
  object space 134656K, 99% used [0x0000000780000000,0x0000000788365de8,0x0000000788380000)
 Metaspace       used 86178K, committed 87872K, reserved 1179648K
  class space    used 8304K, committed 9088K, reserved 1048576K
}
Event: 676.580 GC heap after
{Heap after GC invocations=186 (full 3):
 PSYoungGen      total 12800K, used 256K [0x00000007d5580000, 0x00000007d6500000, 0x0000000800000000)
  eden space 11776K, 0% used [0x00000007d5580000,0x00000007d5580000,0x00000007d6100000)
  from space 1024K, 25% used [0x00000007d6300000,0x00000007d6340000,0x00000007d6400000)
  to   space 512K, 0% used [0x00000007d6480000,0x00000007d6480000,0x00000007d6500000)
 ParOldGen       total 135168K, used 134876K [0x0000000780000000, 0x0000000788400000, 0x00000007d5580000)
  object space 135168K, 99% used [0x0000000780000000,0x00000007883b7278,0x0000000788400000)
 Metaspace       used 86178K, committed 87872K, reserved 1179648K
  class space    used 8304K, committed 9088K, reserved 1048576K
}
Event: 676.591 GC heap before
{Heap before GC invocations=187 (full 3):
 PSYoungGen      total 12800K, used 11081K [0x00000007d5580000, 0x00000007d6500000, 0x0000000800000000)
  eden space 11776K, 91% used [0x00000007d5580000,0x00000007d6012778,0x00000007d6100000)
  from space 1024K, 25% used [0x00000007d6300000,0x00000007d6340000,0x00000007d6400000)
  to   space 512K, 0% used [0x00000007d6480000,0x00000007d6480000,0x00000007d6500000)
 ParOldGen       total 135168K, used 134876K [0x0000000780000000, 0x0000000788400000, 0x00000007d5580000)
  object space 135168K, 99% used [0x0000000780000000,0x00000007883b7278,0x0000000788400000)
 Metaspace       used 86178K, committed 87872K, reserved 1179648K
  class space    used 8304K, committed 9088K, reserved 1048576K
}
Event: 676.591 GC heap after
{Heap after GC invocations=187 (full 3):
 PSYoungGen      total 12288K, used 192K [0x00000007d5580000, 0x00000007d6500000, 0x0000000800000000)
  eden space 11776K, 0% used [0x00000007d5580000,0x00000007d5580000,0x00000007d6100000)
  from space 512K, 37% used [0x00000007d6480000,0x00000007d64b0000,0x00000007d6500000)
  to   space 512K, 0% used [0x00000007d6400000,0x00000007d6400000,0x00000007d6480000)
 ParOldGen       total 135168K, used 134956K [0x0000000780000000, 0x0000000788400000, 0x00000007d5580000)
  object space 135168K, 99% used [0x0000000780000000,0x00000007883cb278,0x0000000788400000)
 Metaspace       used 86178K, committed 87872K, reserved 1179648K
  class space    used 8304K, committed 9088K, reserved 1048576K
}
Event: 676.603 GC heap before
{Heap before GC invocations=188 (full 3):
 PSYoungGen      total 12288K, used 10174K [0x00000007d5580000, 0x00000007d6500000, 0x0000000800000000)
  eden space 11776K, 84% used [0x00000007d5580000,0x00000007d5f3f9f0,0x00000007d6100000)
  from space 512K, 37% used [0x00000007d6480000,0x00000007d64b0000,0x00000007d6500000)
  to   space 512K, 0% used [0x00000007d6400000,0x00000007d6400000,0x00000007d6480000)
 ParOldGen       total 135168K, used 134956K [0x0000000780000000, 0x0000000788400000, 0x00000007d5580000)
  object space 135168K, 99% used [0x0000000780000000,0x00000007883cb278,0x0000000788400000)
 Metaspace       used 86178K, committed 87872K, reserved 1179648K
  class space    used 8304K, committed 9088K, reserved 1048576K
}
Event: 676.603 GC heap after
{Heap after GC invocations=188 (full 3):
 PSYoungGen      total 12288K, used 192K [0x00000007d5580000, 0x00000007d6500000, 0x0000000800000000)
  eden space 11776K, 0% used [0x00000007d5580000,0x00000007d5580000,0x00000007d6100000)
  from space 512K, 37% used [0x00000007d6400000,0x00000007d6430000,0x00000007d6480000)
  to   space 512K, 0% used [0x00000007d6480000,0x00000007d6480000,0x00000007d6500000)
 ParOldGen       total 135168K, used 134964K [0x0000000780000000, 0x0000000788400000, 0x00000007d5580000)
  object space 135168K, 99% used [0x0000000780000000,0x00000007883cd278,0x0000000788400000)
 Metaspace       used 86178K, committed 87872K, reserved 1179648K
  class space    used 8304K, committed 9088K, reserved 1048576K
}
Event: 676.613 GC heap before
{Heap before GC invocations=189 (full 3):
 PSYoungGen      total 12288K, used 10255K [0x00000007d5580000, 0x00000007d6500000, 0x0000000800000000)
  eden space 11776K, 85% used [0x00000007d5580000,0x00000007d5f53c50,0x00000007d6100000)
  from space 512K, 37% used [0x00000007d6400000,0x00000007d6430000,0x00000007d6480000)
  to   space 512K, 0% used [0x00000007d6480000,0x00000007d6480000,0x00000007d6500000)
 ParOldGen       total 135168K, used 134964K [0x0000000780000000, 0x0000000788400000, 0x00000007d5580000)
  object space 135168K, 99% used [0x0000000780000000,0x00000007883cd278,0x0000000788400000)
 Metaspace       used 86178K, committed 87872K, reserved 1179648K
  class space    used 8304K, committed 9088K, reserved 1048576K
}
Event: 676.614 GC heap after
{Heap after GC invocations=189 (full 3):
 PSYoungGen      total 12288K, used 192K [0x00000007d5580000, 0x00000007d6500000, 0x0000000800000000)
  eden space 11776K, 0% used [0x00000007d5580000,0x00000007d5580000,0x00000007d6100000)
  from space 512K, 37% used [0x00000007d6480000,0x00000007d64b0000,0x00000007d6500000)
  to   space 512K, 0% used [0x00000007d6400000,0x00000007d6400000,0x00000007d6480000)
 ParOldGen       total 135168K, used 134972K [0x0000000780000000, 0x0000000788400000, 0x00000007d5580000)
  object space 135168K, 99% used [0x0000000780000000,0x00000007883cf278,0x0000000788400000)
 Metaspace       used 86178K, committed 87872K, reserved 1179648K
  class space    used 8304K, committed 9088K, reserved 1048576K
}
Event: 676.626 GC heap before
{Heap before GC invocations=190 (full 3):
 PSYoungGen      total 12288K, used 11968K [0x00000007d5580000, 0x00000007d6500000, 0x0000000800000000)
  eden space 11776K, 100% used [0x00000007d5580000,0x00000007d6100000,0x00000007d6100000)
  from space 512K, 37% used [0x00000007d6480000,0x00000007d64b0000,0x00000007d6500000)
  to   space 512K, 0% used [0x00000007d6400000,0x00000007d6400000,0x00000007d6480000)
 ParOldGen       total 135168K, used 134972K [0x0000000780000000, 0x0000000788400000, 0x00000007d5580000)
  object space 135168K, 99% used [0x0000000780000000,0x00000007883cf278,0x0000000788400000)
 Metaspace       used 86178K, committed 87872K, reserved 1179648K
  class space    used 8304K, committed 9088K, reserved 1048576K
}
Event: 676.627 GC heap after
{Heap after GC invocations=190 (full 3):
 PSYoungGen      total 12288K, used 96K [0x00000007d5580000, 0x00000007d6500000, 0x0000000800000000)
  eden space 11776K, 0% used [0x00000007d5580000,0x00000007d5580000,0x00000007d6100000)
  from space 512K, 18% used [0x00000007d6400000,0x00000007d6418000,0x00000007d6480000)
  to   space 512K, 0% used [0x00000007d6480000,0x00000007d6480000,0x00000007d6500000)
 ParOldGen       total 135168K, used 134981K [0x0000000780000000, 0x0000000788400000, 0x00000007d5580000)
  object space 135168K, 99% used [0x0000000780000000,0x00000007883d1788,0x0000000788400000)
 Metaspace       used 86178K, committed 87872K, reserved 1179648K
  class space    used 8304K, committed 9088K, reserved 1048576K
}

